{"level":"error","message":"401 - Not authorized, token failed - /api/v1/cart - GET - ::1","service":"backend-api","timestamp":"2026-06-22 01:06:59"}
{"level":"error","message":"401 - Not authorized, token failed - /api/v1/cart - GET - ::1","service":"backend-api","timestamp":"2026-06-22 01:07:00"}
{"level":"error","message":"500 - next is not a function - /api/v1/auth/register - POST - ::1","service":"backend-api","timestamp":"2026-06-22 01:10:16"}
{"level":"error","message":"400 - User already exists - /api/v1/auth/register - POST - ::1","service":"backend-api","timestamp":"2026-06-22 01:19:38"}
{"level":"error","message":"500 - next is not a function - /api/v1/cart - GET - ::1","service":"backend-api","timestamp":"2026-06-22 01:19:54"}
{"level":"error","message":"500 - next is not a function - /api/v1/cart - GET - ::1","service":"backend-api","timestamp":"2026-06-22 01:20:58"}
{"level":"error","message":"500 - next is not a function - /api/v1/cart - GET - ::1","service":"backend-api","timestamp":"2026-06-22 01:24:16"}
{"level":"error","message":"500 - next is not a function - /api/v1/cart - GET - ::1","service":"backend-api","timestamp":"2026-06-22 01:26:55"}
{"level":"error","message":"500 - next is not a function - /api/v1/cart - GET - ::1","service":"backend-api","timestamp":"2026-06-22 01:30:36"}
{"level":"error","message":"500 - next is not a function - /api/v1/cart - GET - ::1","service":"backend-api","timestamp":"2026-06-22 01:34:01"}
{"level":"error","message":"500 - next is not a function - /api/v1/cart - GET - ::1","service":"backend-api","timestamp":"2026-06-22 01:35:26"}
{"level":"error","message":"400 - Provider with this email already exists - /api/v1/providers/create - POST - ::1","service":"backend-api","timestamp":"2026-06-22 01:36:22"}
{"level":"error","message":"500 - next is not a function - /api/v1/cart - GET - ::1","service":"backend-api","timestamp":"2026-06-22 01:38:33"}
{"level":"error","message":"500 - next is not a function - /api/v1/cart - GET - ::1","service":"backend-api","timestamp":"2026-06-22 01:38:41"}
{"level":"error","message":"500 - next is not a function - /api/v1/cart - GET - ::1","service":"backend-api","timestamp":"2026-06-22 01:39:52"}
{"level":"error","message":"401 - Not authorized to access this route - /api/v1/cart - POST - ::1","service":"backend-api","timestamp":"2026-06-22 02:00:00"}
{"level":"error","message":"401 - Not authorized to access this route - /api/v1/cart - POST - ::1","service":"backend-api","timestamp":"2026-06-22 02:04:16"}
{"level":"error","message":"401 - Not authorized to access this route - /api/v1/cart - POST - ::1","service":"backend-api","timestamp":"2026-06-22 02:07:16"}
{"level":"error","message":"500 - Cannot read properties of null (reading 'provider') - /api/v1/orders/checkout - POST - ::ffff:127.0.0.1","service":"backend-api","timestamp":"2026-06-23 13:44:38"}
{"level":"error","message":"500 - Cannot read properties of null (reading 'provider') - /api/v1/orders/checkout - POST - ::ffff:127.0.0.1","service":"backend-api","timestamp":"2026-06-23 13:51:04"}
{"level":"error","message":"500 - Cannot read properties of null (reading 'provider') - /api/v1/orders/checkout - POST - ::ffff:127.0.0.1","service":"backend-api","timestamp":"2026-06-23 13:54:25"}
{"level":"error","message":"401 - Not authorized, token failed - /api/v1/subscriptions/my-subscriptions - GET - ::ffff:127.0.0.1","service":"backend-api","timestamp":"2026-06-23 14:11:35"}
{"level":"error","message":"401 - Not authorized, token failed - /api/v1/orders/my-orders - GET - ::ffff:127.0.0.1","service":"backend-api","timestamp":"2026-06-23 14:11:35"}
{"level":"error","message":"401 - Not authorized, token failed - /api/v1/addresses - GET - ::ffff:127.0.0.1","service":"backend-api","timestamp":"2026-06-23 14:11:35"}
{"level":"error","message":"401 - Not authorized, token failed - /api/v1/subscriptions/my-subscriptions - GET - ::ffff:127.0.0.1","service":"backend-api","timestamp":"2026-06-23 14:11:35"}
{"level":"error","message":"401 - Not authorized, token failed - /api/v1/orders/my-orders - GET - ::ffff:127.0.0.1","service":"backend-api","timestamp":"2026-06-23 14:11:35"}
{"level":"error","message":"401 - Not authorized, token failed - /api/v1/addresses - GET - ::ffff:127.0.0.1","service":"backend-api","timestamp":"2026-06-23 14:11:35"}
{"level":"error","message":"401 - Not authorized to access this route - /api/v1/cart - POST - ::ffff:127.0.0.1","service":"backend-api","timestamp":"2026-06-23 14:12:46"}
{"level":"error","message":"500 - ApiError is not defined - /api/v1/orders/checkout - POST - ::ffff:127.0.0.1","service":"backend-api","timestamp":"2026-06-23 14:53:32"}
{"level":"error","message":"500 - Cannot populate path `user` because it is not in your schema. Set the `strictPopulate` option to false to override. - /api/v1/admin/providers - GET - ::1","service":"backend-api","timestamp":"2026-06-23 16:13:25"}
{"level":"error","message":"500 - Cannot populate path `user` because it is not in your schema. Set the `strictPopulate` option to false to override. - /api/v1/admin/providers - GET - ::1","service":"backend-api","timestamp":"2026-06-23 16:13:26"}
{"level":"error","message":"500 - Cannot populate path `user` because it is not in your schema. Set the `strictPopulate` option to false to override. - /api/v1/admin/providers - GET - ::1","service":"backend-api","timestamp":"2026-06-23 16:13:28"}
{"level":"error","message":"500 - Cannot populate path `user` because it is not in your schema. Set the `strictPopulate` option to false to override. - /api/v1/admin/providers - GET - ::1","service":"backend-api","timestamp":"2026-06-23 16:13:34"}
{"level":"error","message":"500 - Cannot populate path `user` because it is not in your schema. Set the `strictPopulate` option to false to override. - /api/v1/admin/providers - GET - ::1","service":"backend-api","timestamp":"2026-06-23 16:13:36"}
{"level":"error","message":"500 - Cannot populate path `user` because it is not in your schema. Set the `strictPopulate` option to false to override. - /api/v1/admin/providers - GET - ::1","service":"backend-api","timestamp":"2026-06-23 16:13:37"}
{"level":"error","message":"500 - Cannot populate path `user` because it is not in your schema. Set the `strictPopulate` option to false to override. - /api/v1/admin/subscriptions - GET - ::1","service":"backend-api","timestamp":"2026-06-23 16:15:19"}
{"level":"error","message":"500 - Cannot populate path `user` because it is not in your schema. Set the `strictPopulate` option to false to override. - /api/v1/admin/subscriptions - GET - ::1","service":"backend-api","timestamp":"2026-06-23 16:15:24"}
{"level":"error","message":"500 - Cannot populate path `user` because it is not in your schema. Set the `strictPopulate` option to false to override. - /api/v1/admin/subscriptions - GET - ::1","service":"backend-api","timestamp":"2026-06-23 16:15:26"}
{"level":"error","message":"500 - Cannot populate path `user` because it is not in your schema. Set the `strictPopulate` option to false to override. - /api/v1/admin/providers - GET - ::1","service":"backend-api","timestamp":"2026-06-23 16:15:43"}
{"level":"error","message":"500 - Cannot populate path `user` because it is not in your schema. Set the `strictPopulate` option to false to override. - /api/v1/admin/providers - GET - ::1","service":"backend-api","timestamp":"2026-06-23 16:15:44"}
{"level":"error","message":"500 - Cannot populate path `user` because it is not in your schema. Set the `strictPopulate` option to false to override. - /api/v1/admin/providers - GET - ::1","service":"backend-api","timestamp":"2026-06-23 16:17:40"}
{"level":"error","message":"500 - Cannot populate path `user` because it is not in your schema. Set the `strictPopulate` option to false to override. - /api/v1/admin/providers - GET - ::1","service":"backend-api","timestamp":"2026-06-23 16:17:41"}
{"level":"error","message":"500 - Cannot populate path `user` because it is not in your schema. Set the `strictPopulate` option to false to override. - /api/v1/admin/providers - GET - ::1","service":"backend-api","timestamp":"2026-06-23 16:17:42"}
{"level":"error","message":"500 - Cannot populate path `user` because it is not in your schema. Set the `strictPopulate` option to false to override. - /api/v1/admin/orders - GET - ::1","service":"backend-api","timestamp":"2026-06-23 16:17:44"}
{"level":"error","message":"500 - Cannot populate path `user` because it is not in your schema. Set the `strictPopulate` option to false to override. - /api/v1/admin/orders - GET - ::1","service":"backend-api","timestamp":"2026-06-23 16:17:45"}
{"level":"error","message":"500 - Cannot populate path `user` because it is not in your schema. Set the `strictPopulate` option to false to override. - /api/v1/admin/subscriptions - GET - ::1","service":"backend-api","timestamp":"2026-06-23 16:17:46"}
{"level":"error","message":"500 - Cannot populate path `user` because it is not in your schema. Set the `strictPopulate` option to false to override. - /api/v1/admin/subscriptions - GET - ::1","service":"backend-api","timestamp":"2026-06-23 16:17:47"}
{"level":"error","message":"500 - Cannot populate path `user` because it is not in your schema. Set the `strictPopulate` option to false to override. - /api/v1/admin/providers - GET - ::1","service":"backend-api","timestamp":"2026-06-23 16:21:39"}
{"level":"error","message":"500 - Cannot populate path `user` because it is not in your schema. Set the `strictPopulate` option to false to override. - /api/v1/admin/providers - GET - ::1","service":"backend-api","timestamp":"2026-06-23 16:21:40"}
{"level":"error","message":"500 - Cannot populate path `user` because it is not in your schema. Set the `strictPopulate` option to false to override. - /api/v1/admin/orders - GET - ::1","service":"backend-api","timestamp":"2026-06-23 16:22:07"}
{"level":"error","message":"500 - Cannot populate path `user` because it is not in your schema. Set the `strictPopulate` option to false to override. - /api/v1/admin/orders - GET - ::1","service":"backend-api","timestamp":"2026-06-23 16:22:08"}
{"level":"error","message":"500 - Cannot populate path `user` because it is not in your schema. Set the `strictPopulate` option to false to override. - /api/v1/admin/providers - GET - ::1","service":"backend-api","timestamp":"2026-06-23 16:22:10"}
{"level":"error","message":"500 - Cannot populate path `user` because it is not in your schema. Set the `strictPopulate` option to false to override. - /api/v1/admin/providers - GET - ::1","service":"backend-api","timestamp":"2026-06-23 16:22:11"}
{"level":"error","message":"500 - Cannot populate path `user` because it is not in your schema. Set the `strictPopulate` option to false to override. - /api/v1/admin/orders - GET - ::1","service":"backend-api","timestamp":"2026-06-23 16:22:13"}
{"level":"error","message":"500 - Cannot populate path `user` because it is not in your schema. Set the `strictPopulate` option to false to override. - /api/v1/admin/subscriptions - GET - ::1","service":"backend-api","timestamp":"2026-06-23 16:22:14"}
{"level":"error","message":"500 - Cannot populate path `user` because it is not in your schema. Set the `strictPopulate` option to false to override. - /api/v1/admin/subscriptions - GET - ::1","service":"backend-api","timestamp":"2026-06-23 16:26:07"}
{"level":"error","message":"500 - Cannot populate path `user` because it is not in your schema. Set the `strictPopulate` option to false to override. - /api/v1/admin/subscriptions - GET - ::1","service":"backend-api","timestamp":"2026-06-23 16:26:08"}
{"level":"error","message":"500 - Cannot populate path `user` because it is not in your schema. Set the `strictPopulate` option to false to override. - /api/v1/admin/subscriptions - GET - ::1","service":"backend-api","timestamp":"2026-06-23 16:26:29"}
{"level":"error","message":"500 - Cannot populate path `user` because it is not in your schema. Set the `strictPopulate` option to false to override. - /api/v1/admin/subscriptions - GET - ::1","service":"backend-api","timestamp":"2026-06-23 16:26:30"}
{"level":"error","message":"500 - Cannot populate path `user` because it is not in your schema. Set the `strictPopulate` option to false to override. - /api/v1/admin/subscriptions - GET - ::1","service":"backend-api","timestamp":"2026-06-23 16:26:46"}
{"level":"error","message":"500 - Cannot populate path `user` because it is not in your schema. Set the `strictPopulate` option to false to override. - /api/v1/admin/providers - GET - ::1","service":"backend-api","timestamp":"2026-06-23 16:27:02"}
{"level":"error","message":"500 - Cannot populate path `user` because it is not in your schema. Set the `strictPopulate` option to false to override. - /api/v1/admin/providers - GET - ::1","service":"backend-api","timestamp":"2026-06-23 16:27:03"}
{"level":"error","message":"500 - Cannot populate path `user` because it is not in your schema. Set the `strictPopulate` option to false to override. - /api/v1/admin/subscriptions - GET - ::1","service":"backend-api","timestamp":"2026-06-23 16:27:09"}
{"level":"error","message":"500 - Cannot populate path `user` because it is not in your schema. Set the `strictPopulate` option to false to override. - /api/v1/admin/subscriptions - GET - ::1","service":"backend-api","timestamp":"2026-06-23 16:27:10"}
{"level":"error","message":"500 - Cannot populate path `user` because it is not in your schema. Set the `strictPopulate` option to false to override. - /api/v1/admin/providers - GET - ::1","service":"backend-api","timestamp":"2026-06-23 16:27:13"}
{"level":"error","message":"500 - Cannot populate path `user` because it is not in your schema. Set the `strictPopulate` option to false to override. - /api/v1/admin/providers - GET - ::1","service":"backend-api","timestamp":"2026-06-23 16:27:14"}
{"level":"error","message":"500 - Cannot populate path `user` because it is not in your schema. Set the `strictPopulate` option to false to override. - /api/v1/admin/providers - GET - ::1","service":"backend-api","timestamp":"2026-06-23 16:27:23"}
{"level":"error","message":"500 - Cannot populate path `user` because it is not in your schema. Set the `strictPopulate` option to false to override. - /api/v1/admin/providers - GET - ::1","service":"backend-api","timestamp":"2026-06-23 16:27:24"}
{"level":"error","message":"500 - Cannot populate path `user` because it is not in your schema. Set the `strictPopulate` option to false to override. - /api/v1/admin/orders - GET - ::1","service":"backend-api","timestamp":"2026-06-23 16:27:26"}
{"level":"error","message":"500 - Cannot populate path `user` because it is not in your schema. Set the `strictPopulate` option to false to override. - /api/v1/admin/orders - GET - ::1","service":"backend-api","timestamp":"2026-06-23 16:27:27"}
{"level":"error","message":"500 - Cannot populate path `user` because it is not in your schema. Set the `strictPopulate` option to false to override. - /api/v1/admin/subscriptions - GET - ::1","service":"backend-api","timestamp":"2026-06-23 16:27:27"}
{"level":"error","message":"500 - Cannot populate path `user` because it is not in your schema. Set the `strictPopulate` option to false to override. - /api/v1/admin/subscriptions - GET - ::1","service":"backend-api","timestamp":"2026-06-23 16:27:28"}
{"level":"error","message":"500 - Cannot populate path `user` because it is not in your schema. Set the `strictPopulate` option to false to override. - /api/v1/admin/subscriptions - GET - ::1","service":"backend-api","timestamp":"2026-06-23 16:27:31"}
{"level":"error","message":"500 - Cannot populate path `user` because it is not in your schema. Set the `strictPopulate` option to false to override. - /api/v1/admin/subscriptions - GET - ::1","service":"backend-api","timestamp":"2026-06-23 16:27:32"}
{"level":"error","message":"500 - Cannot populate path `user` because it is not in your schema. Set the `strictPopulate` option to false to override. - /api/v1/admin/subscriptions - GET - ::1","service":"backend-api","timestamp":"2026-06-23 16:27:36"}
{"level":"error","message":"500 - Cannot populate path `user` because it is not in your schema. Set the `strictPopulate` option to false to override. - /api/v1/admin/subscriptions - GET - ::1","service":"backend-api","timestamp":"2026-06-23 16:27:51"}
{"level":"error","message":"500 - Cannot populate path `user` because it is not in your schema. Set the `strictPopulate` option to false to override. - /api/v1/admin/providers - GET - ::1","service":"backend-api","timestamp":"2026-06-23 16:28:01"}
{"level":"error","message":"500 - Cannot populate path `user` because it is not in your schema. Set the `strictPopulate` option to false to override. - /api/v1/admin/orders - GET - ::1","service":"backend-api","timestamp":"2026-06-23 16:28:08"}
{"level":"error","message":"500 - Cannot populate path `user` because it is not in your schema. Set the `strictPopulate` option to false to override. - /api/v1/admin/providers - GET - ::ffff:127.0.0.1","service":"backend-api","timestamp":"2026-06-23 16:29:55"}
{"level":"error","message":"500 - Cannot populate path `user` because it is not in your schema. Set the `strictPopulate` option to false to override. - /api/v1/admin/providers - GET - ::1","service":"backend-api","timestamp":"2026-06-23 16:33:06"}
{"level":"error","message":"500 - Cannot populate path `user` because it is not in your schema. Set the `strictPopulate` option to false to override. - /api/v1/admin/providers - GET - ::1","service":"backend-api","timestamp":"2026-06-23 16:33:07"}
{"level":"error","message":"500 - Cannot populate path `user` because it is not in your schema. Set the `strictPopulate` option to false to override. - /api/v1/admin/providers - GET - ::1","service":"backend-api","timestamp":"2026-06-23 16:33:43"}
{"level":"error","message":"500 - Cannot populate path `user` because it is not in your schema. Set the `strictPopulate` option to false to override. - /api/v1/admin/providers - GET - ::1","service":"backend-api","timestamp":"2026-06-23 16:33:44"}
{"level":"error","message":"500 - Cannot populate path `user` because it is not in your schema. Set the `strictPopulate` option to false to override. - /api/v1/admin/providers - GET - ::1","service":"backend-api","timestamp":"2026-06-23 16:33:46"}
{"level":"error","message":"500 - Cannot populate path `user` because it is not in your schema. Set the `strictPopulate` option to false to override. - /api/v1/admin/providers - GET - ::1","service":"backend-api","timestamp":"2026-06-23 16:33:50"}
{"level":"error","message":"500 - Cannot populate path `user` because it is not in your schema. Set the `strictPopulate` option to false to override. - /api/v1/admin/providers - GET - ::1","service":"backend-api","timestamp":"2026-06-23 16:34:05"}
{"level":"error","message":"500 - Cannot populate path `user` because it is not in your schema. Set the `strictPopulate` option to false to override. - /api/v1/admin/providers - GET - ::1","service":"backend-api","timestamp":"2026-06-23 16:34:06"}
{"level":"error","message":"500 - Cannot populate path `user` because it is not in your schema. Set the `strictPopulate` option to false to override. - /api/v1/admin/subscriptions - GET - ::1","service":"backend-api","timestamp":"2026-06-23 16:34:37"}
{"level":"error","message":"500 - Cannot populate path `user` because it is not in your schema. Set the `strictPopulate` option to false to override. - /api/v1/admin/subscriptions - GET - ::1","service":"backend-api","timestamp":"2026-06-23 16:34:38"}
{"level":"error","message":"500 - Cannot populate path `user` because it is not in your schema. Set the `strictPopulate` option to false to override. - /api/v1/admin/subscriptions - GET - ::1","service":"backend-api","timestamp":"2026-06-23 16:34:40"}
{"level":"error","message":"500 - Cannot populate path `user` because it is not in your schema. Set the `strictPopulate` option to false to override. - /api/v1/admin/providers - GET - ::1","service":"backend-api","timestamp":"2026-06-23 16:34:43"}
{"level":"error","message":"500 - Cannot populate path `user` because it is not in your schema. Set the `strictPopulate` option to false to override. - /api/v1/admin/subscriptions - GET - ::1","service":"backend-api","timestamp":"2026-06-23 16:35:25"}
{"level":"error","message":"500 - Cannot populate path `user` because it is not in your schema. Set the `strictPopulate` option to false to override. - /api/v1/admin/subscriptions - GET - ::1","service":"backend-api","timestamp":"2026-06-23 16:35:26"}
{"level":"error","message":"500 - Cannot populate path `user` because it is not in your schema. Set the `strictPopulate` option to false to override. - /api/v1/admin/orders - GET - ::1","service":"backend-api","timestamp":"2026-06-23 16:35:30"}
{"level":"error","message":"500 - Cannot populate path `user` because it is not in your schema. Set the `strictPopulate` option to false to override. - /api/v1/admin/orders - GET - ::1","service":"backend-api","timestamp":"2026-06-23 16:36:20"}
{"level":"error","message":"500 - Cannot populate path `user` because it is not in your schema. Set the `strictPopulate` option to false to override. - /api/v1/admin/orders - GET - ::1","service":"backend-api","timestamp":"2026-06-23 16:36:21"}
{"level":"error","message":"500 - Cannot populate path `user` because it is not in your schema. Set the `strictPopulate` option to false to override. - /api/v1/admin/orders - GET - ::1","service":"backend-api","timestamp":"2026-06-23 16:36:23"}
{"level":"error","message":"500 - Cannot populate path `user` because it is not in your schema. Set the `strictPopulate` option to false to override. - /api/v1/admin/orders - GET - ::1","service":"backend-api","timestamp":"2026-06-23 16:36:44"}
{"level":"error","message":"500 - Cannot populate path `user` because it is not in your schema. Set the `strictPopulate` option to false to override. - /api/v1/admin/orders - GET - ::1","service":"backend-api","timestamp":"2026-06-23 16:36:59"}
{"level":"error","message":"500 - Cannot populate path `user` because it is not in your schema. Set the `strictPopulate` option to false to override. - /api/v1/admin/orders - GET - ::1","service":"backend-api","timestamp":"2026-06-23 16:37:00"}
{"level":"error","message":"500 - Cannot populate path `user` because it is not in your schema. Set the `strictPopulate` option to false to override. - /api/v1/admin/orders - GET - ::1","service":"backend-api","timestamp":"2026-06-23 16:37:08"}
{"level":"error","message":"500 - Cannot populate path `user` because it is not in your schema. Set the `strictPopulate` option to false to override. - /api/v1/admin/orders - GET - ::1","service":"backend-api","timestamp":"2026-06-23 16:37:28"}
{"level":"error","message":"500 - Cannot populate path `user` because it is not in your schema. Set the `strictPopulate` option to false to override. - /api/v1/admin/orders - GET - ::1","service":"backend-api","timestamp":"2026-06-23 16:37:29"}
{"level":"error","message":"500 - Cannot populate path `user` because it is not in your schema. Set the `strictPopulate` option to false to override. - /api/v1/admin/subscriptions - GET - ::1","service":"backend-api","timestamp":"2026-06-23 16:37:34"}
{"level":"error","message":"500 - Cannot populate path `user` because it is not in your schema. Set the `strictPopulate` option to false to override. - /api/v1/admin/subscriptions - GET - ::1","service":"backend-api","timestamp":"2026-06-23 16:37:35"}
{"level":"error","message":"500 - Cannot populate path `user` because it is not in your schema. Set the `strictPopulate` option to false to override. - /api/v1/admin/subscriptions - GET - ::1","service":"backend-api","timestamp":"2026-06-23 16:37:37"}
{"level":"error","message":"401 - Invalid email or password - /api/v1/auth/login - POST - ::1","service":"backend-api","timestamp":"2026-06-23 16:41:40"}
{"level":"error","message":"401 - Invalid email or password - /api/v1/auth/login - POST - ::1","service":"backend-api","timestamp":"2026-06-23 16:41:42"}
{"level":"error","message":"401 - Invalid email or password - /api/v1/auth/login - POST - ::1","service":"backend-api","timestamp":"2026-06-23 16:41:44"}
{"level":"error","message":"401 - Invalid email or password - /api/v1/auth/login - POST - ::1","service":"backend-api","timestamp":"2026-06-23 16:44:35"}
{"level":"error","message":"401 - Invalid email or password - /api/v1/auth/login - POST - ::ffff:127.0.0.1","service":"backend-api","timestamp":"2026-06-23 17:58:47"}
{"level":"error","message":"Error connecting to MongoDB: querySrv ECONNREFUSED _mongodb._tcp.cluster0.cyoybwu.mongodb.net","service":"backend-api","timestamp":"2026-06-23 18:08:34"}
{"level":"error","message":"401 - Not authorized, token failed - /api/v1/subscriptions/my-subscriptions - GET - ::ffff:127.0.0.1","service":"backend-api","timestamp":"2026-06-23 22:36:08"}
{"level":"error","message":"401 - Not authorized, token failed - /api/v1/cart - GET - ::ffff:127.0.0.1","service":"backend-api","timestamp":"2026-06-23 22:36:08"}
{"level":"error","message":"400 - User already exists - /api/v1/auth/register - POST - ::ffff:127.0.0.1","service":"backend-api","timestamp":"2026-06-23 22:36:33"}
{"level":"error","message":"401 - Invalid email or password - /api/v1/auth/login - POST - ::ffff:127.0.0.1","service":"backend-api","timestamp":"2026-06-23 22:37:05"}
{"level":"error","message":"401 - Not authorized, token failed - /api/v1/subscriptions/my-subscriptions - GET - ::ffff:127.0.0.1","service":"backend-api","timestamp":"2026-06-23 22:54:07"}
{"level":"error","message":"401 - Not authorized, token failed - /api/v1/subscriptions/my-subscriptions - GET - ::ffff:127.0.0.1","service":"backend-api","timestamp":"2026-06-23 22:54:07"}
{"level":"error","message":"403 - Please verify your email before logging in - /api/v1/auth/login - POST - ::ffff:127.0.0.1","service":"backend-api","timestamp":"2026-06-23 23:12:01"}
{"level":"error","message":"400 - Provider with this email already exists - /api/v1/providers/create - POST - ::ffff:127.0.0.1","service":"backend-api","timestamp":"2026-06-23 23:22:55"}
{"level":"error","message":"400 - Provider with this email already exists - /api/v1/providers/create - POST - ::ffff:127.0.0.1","service":"backend-api","timestamp":"2026-06-23 23:23:28"}
{"level":"error","message":"401 - Not authorized, token failed - /api/v1/subscriptions/my-subscriptions - GET - ::ffff:127.0.0.1","service":"backend-api","timestamp":"2026-06-24 00:21:25"}
{"level":"error","message":"401 - Not authorized, token failed - /api/v1/subscriptions/my-subscriptions - GET - ::ffff:127.0.0.1","service":"backend-api","timestamp":"2026-06-24 00:21:25"}
